<?xml version="1.0" encoding="UTF-8"?>
<testng-results skipped="0" failed="0" ignored="0" total="2" passed="2">
  <reporter-output>
  </reporter-output>
  <suite name="Default suite" duration-ms="37400" started-at="2019-11-26T15:13:03Z" finished-at="2019-11-26T15:13:40Z">
    <groups>
    </groups>
    <test name="Default test" duration-ms="37400" started-at="2019-11-26T15:13:03Z" finished-at="2019-11-26T15:13:40Z">
      <class name="org.hexa.A">
        <test-method status="PASS" signature="launchBrowser()[pri:0, instance:org.hexa.A@51565ec2]" name="launchBrowser" is-config="true" duration-ms="6353" started-at="2019-11-26T15:13:03Z" finished-at="2019-11-26T15:13:09Z">
          <reporter-output>
          </reporter-output>
        </test-method> <!-- launchBrowser -->
        <test-method status="PASS" signature="startTime()[pri:0, instance:org.hexa.A@51565ec2]" name="startTime" is-config="true" duration-ms="0" started-at="2019-11-26T15:13:09Z" finished-at="2019-11-26T15:13:09Z">
          <reporter-output>
          </reporter-output>
        </test-method> <!-- startTime -->
        <test-method status="PASS" signature="tc1(java.lang.String, java.lang.String)[pri:0, instance:org.hexa.A@51565ec2]" name="tc1" duration-ms="22949" started-at="2019-11-26T15:13:09Z" data-provider="login" finished-at="2019-11-26T15:13:32Z">
          <params>
            <param index="0">
              <value>
                <![CDATA[abi]]>
              </value>
            </param>
            <param index="1">
              <value>
                <![CDATA[123]]>
              </value>
            </param>
          </params>
          <reporter-output>
          </reporter-output>
        </test-method> <!-- tc1 -->
        <test-method status="PASS" signature="startTime()[pri:0, instance:org.hexa.A@51565ec2]" name="startTime" is-config="true" duration-ms="0" started-at="2019-11-26T15:13:32Z" finished-at="2019-11-26T15:13:32Z">
          <reporter-output>
          </reporter-output>
        </test-method> <!-- startTime -->
        <test-method status="PASS" signature="tc1(java.lang.String, java.lang.String)[pri:0, instance:org.hexa.A@51565ec2]" name="tc1" duration-ms="7221" started-at="2019-11-26T15:13:32Z" data-provider="login" finished-at="2019-11-26T15:13:40Z">
          <params>
            <param index="0">
              <value>
                <![CDATA[sur]]>
              </value>
            </param>
            <param index="1">
              <value>
                <![CDATA[789]]>
              </value>
            </param>
          </params>
          <reporter-output>
          </reporter-output>
        </test-method> <!-- tc1 -->
        <test-method status="PASS" signature="quit()[pri:0, instance:org.hexa.A@51565ec2]" name="quit" is-config="true" duration-ms="851" started-at="2019-11-26T15:13:40Z" finished-at="2019-11-26T15:13:40Z">
          <reporter-output>
          </reporter-output>
        </test-method> <!-- quit -->
      </class> <!-- org.hexa.A -->
    </test> <!-- Default test -->
  </suite> <!-- Default suite -->
</testng-results>
